#
# There is insufficient memory for the Java Runtime Environment to continue.
# Native memory allocation (malloc) failed to allocate 474176 bytes for Chunk::new
# Possible reasons:
#   The system is out of physical RAM or swap space
#   In 32 bit mode, the process size limit was hit
# Possible solutions:
#   Reduce memory load on the system
#   Increase physical memory or swap space
#   Check if swap backing store is full
#   Use 64 bit Java on a 64 bit OS
#   Decrease Java heap size (-Xmx/-Xms)
#   Decrease number of Java threads
#   Decrease Java thread stack sizes (-Xss)
#   Set larger code cache with -XX:ReservedCodeCacheSize=
# This output file may be truncated or incomplete.
#
#  Out of Memory Error (allocation.cpp:323), pid=60520, tid=2140
#
# JRE version: Java(TM) SE Runtime Environment (7.0_79-b15) (build 1.7.0_79-b15)
# Java VM: Java HotSpot(TM) 64-Bit Server VM (24.79-b02 mixed mode windows-amd64 compressed oops)
# Failed to write core dump. Minidumps are not enabled by default on client versions of Windows
#

---------------  T H R E A D  ---------------

Current thread (0x000000000857d000):  JavaThread "C2 CompilerThread0" daemon [_thread_in_native, id=2140, stack(0x0000000009af0000,0x0000000009bf0000)]

Stack: [0x0000000009af0000,0x0000000009bf0000]

Current CompileTask:
C2:   1099  152             com.android.dx.ssa.SsaConverter::placePhiFunctions (394 bytes)


---------------  P R O C E S S  ---------------

Java Threads: ( => current thread )
  0x000000000a039000 JavaThread "pool-2-thread-4" [_thread_blocked, id=40548, stack(0x000000000a6f0000,0x000000000a7f0000)]
  0x0000000009fb5000 JavaThread "pool-2-thread-3" [_thread_in_Java, id=97288, stack(0x000000000a5f0000,0x000000000a6f0000)]
  0x0000000009fb4800 JavaThread "pool-2-thread-2" [_thread_in_Java, id=35432, stack(0x000000000a4f0000,0x000000000a5f0000)]
  0x0000000009f77000 JavaThread "pool-3-thread-1" [_thread_blocked, id=81616, stack(0x000000000a3f0000,0x000000000a4f0000)]
  0x0000000009fb8000 JavaThread "pool-2-thread-1" [_thread_in_Java, id=12400, stack(0x000000000a2f0000,0x000000000a3f0000)]
  0x0000000008592000 JavaThread "Service Thread" daemon [_thread_blocked, id=114664, stack(0x0000000009cf0000,0x0000000009df0000)]
  0x0000000008580000 JavaThread "C2 CompilerThread1" daemon [_thread_in_native, id=102888, stack(0x0000000009bf0000,0x0000000009cf0000)]
=>0x000000000857d000 JavaThread "C2 CompilerThread0" daemon [_thread_in_native, id=2140, stack(0x0000000009af0000,0x0000000009bf0000)]
  0x000000000857c000 JavaThread "Attach Listener" daemon [_thread_blocked, id=119824, stack(0x00000000099f0000,0x0000000009af0000)]
  0x0000000008579800 JavaThread "Signal Dispatcher" daemon [_thread_blocked, id=114356, stack(0x00000000098f0000,0x00000000099f0000)]
  0x0000000008529800 JavaThread "Finalizer" daemon [_thread_blocked, id=91748, stack(0x00000000097f0000,0x00000000098f0000)]
  0x0000000008526000 JavaThread "Reference Handler" daemon [_thread_blocked, id=5508, stack(0x00000000096f0000,0x00000000097f0000)]
  0x00000000025d0800 JavaThread "main" [_thread_in_native, id=13124, stack(0x00000000024d0000,0x00000000025d0000)]

Other Threads:
  0x0000000008521000 VMThread [stack: 0x00000000095f0000,0x00000000096f0000] [id=5968]
  0x000000000859d800 WatcherThread [stack: 0x0000000009df0000,0x0000000009ef0000] [id=76592]

VM state:not at safepoint (normal execution)

VM Mutex/Monitor currently owned by a thread: None

Heap
 PSYoungGen      total 38400K, used 20277K [0x00000000eaa80000, 0x00000000ed500000, 0x0000000100000000)
  eden space 33280K, 60% used [0x00000000eaa80000,0x00000000ebe4d770,0x00000000ecb00000)
  from space 5120K, 0% used [0x00000000ed000000,0x00000000ed000000,0x00000000ed500000)
  to   space 5120K, 0% used [0x00000000ecb00000,0x00000000ecb00000,0x00000000ed000000)
 ParOldGen       total 86016K, used 0K [0x00000000c0000000, 0x00000000c5400000, 0x00000000eaa80000)
  object space 86016K, 0% used [0x00000000c0000000,0x00000000c0000000,0x00000000c5400000)
 PSPermGen       total 21504K, used 5330K [0x00000000bae00000, 0x00000000bc300000, 0x00000000c0000000)
  object space 21504K, 24% used [0x00000000bae00000,0x00000000bb3348a8,0x00000000bc300000)

Card table byte_map: [0x0000000005790000,0x00000000059c0000] byte_map_base: 0x00000000051b9000

Polling page: 0x0000000000450000

Code Cache  [0x00000000026d0000, 0x0000000002940000, 0x00000000056d0000)
 total_blobs=376 nmethods=160 adapters=168 free_code_cache=48550Kb largest_free_block=49692736

Compilation events (10 events):
Event: 1.087 Thread 0x0000000008580000 nmethod 156 0x000000000275bc10 code [0x000000000275bd60, 0x000000000275be98]
Event: 1.087 Thread 0x0000000008580000  157             java.util.Vector::elementData (7 bytes)
Event: 1.087 Thread 0x0000000008580000 nmethod 157 0x000000000275b950 code [0x000000000275ba80, 0x000000000275bb18]
Event: 1.087 Thread 0x0000000008580000  158  s          java.util.Vector::elementAt (48 bytes)
Event: 1.089 Thread 0x0000000008580000 nmethod 158 0x0000000002768650 code [0x00000000027687a0, 0x0000000002768a18]
Event: 1.089 Thread 0x0000000008580000  159  s          java.util.Vector::add (39 bytes)
Event: 1.092 Thread 0x0000000008580000 nmethod 159 0x0000000002767f90 code [0x00000000027680e0, 0x00000000027684c8]
Event: 1.092 Thread 0x0000000008580000  160  s          java.util.Stack::peek (25 bytes)
Event: 1.094 Thread 0x0000000008580000 nmethod 160 0x0000000002767a10 code [0x0000000002767b60, 0x0000000002767df8]
Event: 1.094 Thread 0x0000000008580000  161  s          java.util.Stack::pop (19 bytes)

GC Heap History (0 events):
No events

Deoptimization events (10 events):
Event: 0.805 Thread 0x0000000009fb5000 Uncommon trap: reason=class_check action=maybe_recompile pc=0x000000000273f700 method=com.android.dx.rop.cst.CstMemberRef.compareTo0(Lcom/android/dx/rop/cst/Constant;)I @ 1
Event: 0.805 Thread 0x0000000009fb8000 Uncommon trap: reason=class_check action=maybe_recompile pc=0x000000000273f700 method=com.android.dx.rop.cst.CstMemberRef.compareTo0(Lcom/android/dx/rop/cst/Constant;)I @ 1
Event: 0.805 Thread 0x0000000009fb8000 Uncommon trap: reason=class_check action=maybe_recompile pc=0x000000000273f700 method=com.android.dx.rop.cst.CstMemberRef.compareTo0(Lcom/android/dx/rop/cst/Constant;)I @ 1
Event: 0.805 Thread 0x000000000a039000 Uncommon trap: reason=class_check action=maybe_recompile pc=0x000000000273f700 method=com.android.dx.rop.cst.CstMemberRef.compareTo0(Lcom/android/dx/rop/cst/Constant;)I @ 1
Event: 0.902 Thread 0x0000000009fb4800 Uncommon trap: reason=unreached action=reinterpret pc=0x0000000002747cb8 method=com.android.dx.rop.code.RegisterSpecSet.mutableCopy()Lcom/android/dx/rop/code/RegisterSpecSet; @ 32
Event: 1.082 Thread 0x000000000a039000 Uncommon trap: reason=unreached action=reinterpret pc=0x000000000276241c method=com.android.dx.rop.code.RegisterSpec.equals(ILcom/android/dx/rop/type/TypeBearer;Lcom/android/dx/rop/code/LocalItem;)Z @ 24
Event: 1.085 Thread 0x000000000a039000 Uncommon trap: reason=unreached action=reinterpret pc=0x00000000027635c0 method=com.android.dx.rop.code.RegisterSpec.equals(ILcom/android/dx/rop/type/TypeBearer;Lcom/android/dx/rop/code/LocalItem;)Z @ 24
Event: 1.087 Thread 0x000000000a039000 Uncommon trap: reason=unloaded action=reinterpret pc=0x000000000274c7e4 method=com.android.dx.ssa.SsaRenamer$BlockRenamer.visitMoveInsn(Lcom/android/dx/ssa/NormalSsaInsn;)V @ 208
Event: 1.091 Thread 0x000000000a039000 Uncommon trap: reason=unreached action=reinterpret pc=0x0000000002763250 method=com.android.dx.rop.code.RegisterSpec.equals(ILcom/android/dx/rop/type/TypeBearer;Lcom/android/dx/rop/code/LocalItem;)Z @ 24
Event: 1.091 Thread 0x000000000a039000 Uncommon trap: reason=unreached action=reinterpret pc=0x00000000027511a0 method=com.android.dx.rop.code.RegisterSpec.equals(ILcom/android/dx/rop/type/TypeBearer;Lcom/android/dx/rop/code/LocalItem;)Z @ 24

Internal exceptions (10 events):
Event: 0.802 Thread 0x00000000025d0800 Threw 0x00000000eb35b438 at C:\re\jdk7u79\2331\hotspot\src\share\vm\prims\jvm.cpp:1304
Event: 0.803 Thread 0x0000000009fb5000 Threw 0x00000000eb4a2558 at C:\re\jdk7u79\2331\hotspot\src\share\vm\prims\jvm.cpp:1304
Event: 0.804 Thread 0x0000000009fb5000 Threw 0x00000000eb4a75f8 at C:\re\jdk7u79\2331\hotspot\src\share\vm\prims\jvm.cpp:1304
Event: 0.804 Thread 0x0000000009fb5000 Threw 0x00000000eb4aa4a0 at C:\re\jdk7u79\2331\hotspot\src\share\vm\prims\jvm.cpp:1304
Event: 0.805 Thread 0x0000000009fb5000 Threw 0x00000000eb4ad920 at C:\re\jdk7u79\2331\hotspot\src\share\vm\prims\jvm.cpp:1304
Event: 0.805 Thread 0x00000000025d0800 Threw 0x00000000eb367e90 at C:\re\jdk7u79\2331\hotspot\src\share\vm\prims\jvm.cpp:1304
Event: 0.835 Thread 0x000000000a039000 Threw 0x00000000eb229980 at C:\re\jdk7u79\2331\hotspot\src\share\vm\prims\jvm.cpp:1304
Event: 1.076 Thread 0x00000000025d0800 Threw 0x00000000eb9bc558 at C:\re\jdk7u79\2331\hotspot\src\share\vm\prims\jvm.cpp:1304
Event: 1.081 Thread 0x00000000025d0800 Threw 0x00000000ebdac3e0 at C:\re\jdk7u79\2331\hotspot\src\share\vm\prims\jvm.cpp:1304
Event: 1.082 Thread 0x00000000025d0800 Threw 0x00000000ebdae650 at C:\re\jdk7u79\2331\hotspot\src\share\vm\prims\jvm.cpp:1304

Events (10 events):
Event: 1.085 Thread 0x000000000a039000 DEOPT UNPACKING pc=0x00000000027075a4 sp=0x000000000a7eeb38 mode 2
Event: 1.087 Thread 0x000000000a039000 Uncommon trap: trap_request=0x00000034 fr.pc=0x000000000274c7e4
Event: 1.087 Thread 0x000000000a039000 DEOPT PACKING pc=0x000000000274c7e4 sp=0x000000000a7eee60
Event: 1.087 Thread 0x000000000a039000 DEOPT UNPACKING pc=0x00000000027075a4 sp=0x000000000a7eed20 mode 2
Event: 1.091 Thread 0x000000000a039000 Uncommon trap: trap_request=0xffffffad fr.pc=0x0000000002763250
Event: 1.091 Thread 0x000000000a039000 DEOPT PACKING pc=0x0000000002763250 sp=0x000000000a7eee70
Event: 1.091 Thread 0x000000000a039000 DEOPT UNPACKING pc=0x00000000027075a4 sp=0x000000000a7eedb0 mode 2
Event: 1.091 Thread 0x000000000a039000 Uncommon trap: trap_request=0xffffffad fr.pc=0x00000000027511a0
Event: 1.091 Thread 0x000000000a039000 DEOPT PACKING pc=0x00000000027511a0 sp=0x000000000a7eee00
Event: 1.091 Thread 0x000000000a039000 DEOPT UNPACKING pc=0x00000000027075a4 sp=0x000000000a7eedb0 mode 2


Dynamic libraries:
0x00007ff70e680000 - 0x00007ff70e6b3000 	D:\Program Files\Java\jdk1.7.0_79\bin\java.exe
0x00007ffd9eb70000 - 0x00007ffd9ed31000 	C:\Windows\SYSTEM32\ntdll.dll
0x00007ffd9c690000 - 0x00007ffd9c73d000 	C:\Windows\system32\KERNEL32.DLL
0x00007ffd9b7d0000 - 0x00007ffd9b9b8000 	C:\Windows\system32\KERNELBASE.dll
0x00007ffd9cf10000 - 0x00007ffd9cfb7000 	C:\Windows\system32\ADVAPI32.dll
0x00007ffd9cce0000 - 0x00007ffd9cd7d000 	C:\Windows\system32\msvcrt.dll
0x00007ffd9bdb0000 - 0x00007ffd9be0b000 	C:\Windows\system32\sechost.dll
0x00007ffd9c900000 - 0x00007ffd9ca1c000 	C:\Windows\system32\RPCRT4.dll
0x00007ffd9be20000 - 0x00007ffd9bf76000 	C:\Windows\system32\USER32.dll
0x00007ffd9cd80000 - 0x00007ffd9cf06000 	C:\Windows\system32\GDI32.dll
0x00007ffd96ca0000 - 0x00007ffd96f14000 	C:\Windows\WinSxS\amd64_microsoft.windows.common-controls_6595b64144ccf1df_6.0.10586.0_none_8c15ae12515e1c22\COMCTL32.dll
0x00007ffd9c410000 - 0x00007ffd9c68d000 	C:\Windows\system32\combase.dll
0x00007ffd9bd10000 - 0x00007ffd9bd7a000 	C:\Windows\system32\bcryptPrimitives.dll
0x00007ffd9cfc0000 - 0x00007ffd9cffb000 	C:\Windows\system32\IMM32.DLL
0x0000000053570000 - 0x0000000053642000 	D:\Program Files\Java\jdk1.7.0_79\jre\bin\msvcr100.dll
0x00000000545b0000 - 0x0000000054d85000 	D:\Program Files\Java\jdk1.7.0_79\jre\bin\server\jvm.dll
0x00007ffd9bd80000 - 0x00007ffd9bda3000 	C:\Windows\system32\WINMM.dll
0x00007ffd9afa0000 - 0x00007ffd9afcc000 	C:\Windows\system32\WINMMBASE.dll
0x00007ffd9baf0000 - 0x00007ffd9bb33000 	C:\Windows\system32\cfgmgr32.dll
0x00007ffd9be10000 - 0x00007ffd9be18000 	C:\Windows\system32\PSAPI.DLL
0x00007ffd97c10000 - 0x00007ffd97c19000 	C:\Windows\SYSTEM32\WSOCK32.dll
0x00007ffd9c150000 - 0x00007ffd9c1bb000 	C:\Windows\system32\WS2_32.dll
0x0000000055290000 - 0x000000005529f000 	D:\Program Files\Java\jdk1.7.0_79\jre\bin\verify.dll
0x0000000055260000 - 0x0000000055288000 	D:\Program Files\Java\jdk1.7.0_79\jre\bin\java.dll
0x0000000055240000 - 0x0000000055255000 	D:\Program Files\Java\jdk1.7.0_79\jre\bin\zip.dll

VM Arguments:
jvm_args: -Djava.awt.headless=true -Xmx1024M -Dfile.encoding=GBK -Duser.country=CN -Duser.language=zh -Duser.variant 
java_command: com.android.dx.command.Main --dex --force-jumbo --num-threads=4 --multi-dex --output F:\TestArea\GitSpace\easygo\EasyGoApp\app\build\intermediates\transforms\dex\debug\folders\1000\5\slice_2 F:\TestArea\GitSpace\easygo\EasyGoApp\app\build\intermediates\transforms\instantRunSlicer\debug\folders\1\5\slice_2
Launcher Type: SUN_STANDARD

Environment Variables:
JAVA_HOME=D:\Program Files\Java\jdk1.7.0_79
PATH=C:\Windows\system32;C:\Windows;C:\Windows\System32\Wbem;C:\Windows\System32\WindowsPowerShell\v1.0\;D:\Program Files\Java\jdk1.8.0_73\bin;D:\Program Files\Java\jdk1.6.0_43\bin;D:\Program Files\Java\mysql-5.7.11-winx64\bin;D:\Program Files\Java\MySQL\bin;F:\Program Files\Git\TortoiseGit\bin
USERNAME=ASUS
OS=Windows_NT
PROCESSOR_IDENTIFIER=Intel64 Family 6 Model 58 Stepping 9, GenuineIntel



---------------  S Y S T E M  ---------------

OS: Windows 8.1 , 64 bit Build 9600 

CPU:total 4 (2 cores per cpu, 2 threads per core) family 6 model 58 stepping 9, cmov, cx8, fxsr, mmx, sse, sse2, sse3, ssse3, sse4.1, sse4.2, popcnt, avx, aes, erms, ht, tsc, tscinvbit, tscinv

Memory: 4k page, physical 8271624k(2158204k free), swap 18757384k(3096k free)

vm_info: Java HotSpot(TM) 64-Bit Server VM (24.79-b02) for windows-amd64 JRE (1.7.0_79-b15), built on Apr 10 2015 12:36:16 by "java_re" with unknown MS VC++:1600

time: Wed Jun 15 22:07:47 2016
elapsed time: 1 seconds

